<?xml version="1.0" encoding="UTF-8"?>
<!-- Generated by org.testng.reporters.JUnitReportReporter -->
<testsuite hostname="Prince" failures="0" tests="2" name="rahulshettyacademy.tests.ErrorValidationsTest" time="25.555" errors="0" timestamp="16 Jun 2025 18:26:22 GMT" skipped="0">
  <testcase classname="rahulshettyacademy.tests.ErrorValidationsTest" name="ProductErrorValidation" time="18.393"/>
  <testcase classname="rahulshettyacademy.tests.ErrorValidationsTest" name="LoginErrorValidation" time="7.162"/>
</testsuite> <!-- rahulshettyacademy.tests.ErrorValidationsTest -->
